[debug] [2023-11-14T19:27:59.101Z] ----------------------------------------------------------------------
[debug] [2023-11-14T19:27:59.103Z] Command:       /usr/local/bin/firebase /Users/veltsonbastien/.cache/firebase/tools/lib/node_modules/firebase-tools/lib/bin/firebase init
[debug] [2023-11-14T19:27:59.104Z] CLI Version:   12.8.1
[debug] [2023-11-14T19:27:59.104Z] Platform:      darwin
[debug] [2023-11-14T19:27:59.104Z] Node Version:  v16.16.0
[debug] [2023-11-14T19:27:59.111Z] Time:          Tue Nov 14 2023 11:27:59 GMT-0800 (Pacific Standard Time)
[debug] [2023-11-14T19:27:59.112Z] ----------------------------------------------------------------------
[debug] 
[debug] [2023-11-14T19:27:59.120Z] > command requires scopes: ["email","openid","https://www.googleapis.com/auth/cloudplatformprojects.readonly","https://www.googleapis.com/auth/firebase","https://www.googleapis.com/auth/cloud-platform"]
[debug] [2023-11-14T19:27:59.121Z] > authorizing via signed-in user (bastienveltson17@gmail.com)
[info] 
     ######## #### ########  ######## ########     ###     ######  ########
     ##        ##  ##     ## ##       ##     ##  ##   ##  ##       ##
     ######    ##  ########  ######   ########  #########  ######  ######
     ##        ##  ##    ##  ##       ##     ## ##     ##       ## ##
     ##       #### ##     ## ######## ########  ##     ##  ######  ########

You're about to initialize a Firebase project in this directory:

  /Users/veltsonbastien/Desktop/NewsApp/news-app

[info] 
=== Project Setup
[info] 
[info] First, let's associate this project directory with a Firebase project.
[info] You can create multiple project aliases by running firebase use --add, 
[info] but for now we'll just set up a default project.
[info] 
[debug] [2023-11-14T19:28:03.748Z] >>> [apiv2][query] GET https://firebase.googleapis.com/v1beta1/projects pageSize=100
[debug] [2023-11-14T19:28:04.379Z] <<< [apiv2][status] GET https://firebase.googleapis.com/v1beta1/projects 200
[debug] [2023-11-14T19:28:04.379Z] <<< [apiv2][body] GET https://firebase.googleapis.com/v1beta1/projects [omitted]
[info] i  Using project newsapp-ed3c9 (NewsApp) 
[info] 
=== Database Setup
[info] i  database: ensuring required API firebasedatabase.googleapis.com is enabled... 
[debug] [2023-11-14T19:28:05.625Z] >>> [apiv2][query] GET https://serviceusage.googleapis.com/v1/projects/newsapp-ed3c9/services/firebasedatabase.googleapis.com [none]
[debug] [2023-11-14T19:28:05.625Z] >>> [apiv2][(partial)header] GET https://serviceusage.googleapis.com/v1/projects/newsapp-ed3c9/services/firebasedatabase.googleapis.com x-goog-quota-user=projects/newsapp-ed3c9
[debug] [2023-11-14T19:28:06.169Z] <<< [apiv2][status] GET https://serviceusage.googleapis.com/v1/projects/newsapp-ed3c9/services/firebasedatabase.googleapis.com 200
[debug] [2023-11-14T19:28:06.170Z] <<< [apiv2][body] GET https://serviceusage.googleapis.com/v1/projects/newsapp-ed3c9/services/firebasedatabase.googleapis.com [omitted]
[info] ✔  database: required API firebasedatabase.googleapis.com is enabled 
[info] 
[debug] [2023-11-14T19:28:06.172Z] >>> [apiv2][query] GET https://firebasedatabase.googleapis.com/v1beta/projects/newsapp-ed3c9/locations/-/instances/newsapp-ed3c9-default-rtdb [none]
[debug] [2023-11-14T19:28:06.657Z] <<< [apiv2][status] GET https://firebasedatabase.googleapis.com/v1beta/projects/newsapp-ed3c9/locations/-/instances/newsapp-ed3c9-default-rtdb 200
[debug] [2023-11-14T19:28:06.658Z] <<< [apiv2][body] GET https://firebasedatabase.googleapis.com/v1beta/projects/newsapp-ed3c9/locations/-/instances/newsapp-ed3c9-default-rtdb {"name":"projects/1093849792447/locations/us-central1/instances/newsapp-ed3c9-default-rtdb","project":"projects/1093849792447","databaseUrl":"https://newsapp-ed3c9-default-rtdb.firebaseio.com","type":"DEFAULT_DATABASE","state":"ACTIVE"}
[info] 
[info] Firebase Realtime Database Security Rules allow you to define how your data should be
[info] structured and when your data can be read from and written to.
[info] 
[debug] [2023-11-14T19:28:10.707Z] >>> [apiv2][query] GET https://newsapp-ed3c9-default-rtdb.firebaseio.com/.settings/rules.json [none]
[debug] [2023-11-14T19:28:11.138Z] <<< [apiv2][status] GET https://newsapp-ed3c9-default-rtdb.firebaseio.com/.settings/rules.json 200
[debug] [2023-11-14T19:28:11.138Z] <<< [apiv2][body] GET https://newsapp-ed3c9-default-rtdb.firebaseio.com/.settings/rules.json [stream]
[info] ✔  Database Rules for newsapp-ed3c9-default-rtdb have been written to database.rules.json. 
[info] Future modifications to database.rules.json will update Realtime Database Security Rules when you run
[info] firebase deploy.
[info] 
=== Firestore Setup
[debug] [2023-11-14T19:28:11.142Z] >>> [apiv2][query] GET https://serviceusage.googleapis.com/v1/projects/newsapp-ed3c9/services/firestore.googleapis.com [none]
[debug] [2023-11-14T19:28:11.142Z] >>> [apiv2][(partial)header] GET https://serviceusage.googleapis.com/v1/projects/newsapp-ed3c9/services/firestore.googleapis.com x-goog-quota-user=projects/newsapp-ed3c9
[debug] [2023-11-14T19:28:11.670Z] <<< [apiv2][status] GET https://serviceusage.googleapis.com/v1/projects/newsapp-ed3c9/services/firestore.googleapis.com 200
[debug] [2023-11-14T19:28:11.671Z] <<< [apiv2][body] GET https://serviceusage.googleapis.com/v1/projects/newsapp-ed3c9/services/firestore.googleapis.com [omitted]
[debug] [2023-11-14T19:28:11.672Z] >>> [apiv2][query] GET https://firestore.googleapis.com/v1/projects/newsapp-ed3c9/databases/(default) [none]
[debug] [2023-11-14T19:28:12.193Z] <<< [apiv2][status] GET https://firestore.googleapis.com/v1/projects/newsapp-ed3c9/databases/(default) 200
[debug] [2023-11-14T19:28:12.193Z] <<< [apiv2][body] GET https://firestore.googleapis.com/v1/projects/newsapp-ed3c9/databases/(default) {"name":"projects/newsapp-ed3c9/databases/(default)","uid":"8755fb1a-abfe-4a81-b614-9c15bb3a7109","createTime":"2023-11-14T19:23:58.044700Z","updateTime":"2023-11-14T19:23:58.044700Z","locationId":"nam5","type":"FIRESTORE_NATIVE","concurrencyMode":"PESSIMISTIC","versionRetentionPeriod":"3600s","earliestVersionTime":"2023-11-14T19:23:58.044700Z","appEngineIntegrationMode":"DISABLED","keyPrefix":"s","pointInTimeRecoveryEnablement":"POINT_IN_TIME_RECOVERY_DISABLED","deleteProtectionState":"DELETE_PROTECTION_DISABLED","etag":"INmmwsycxIIDMI6eqv2bxIID"}
[debug] [2023-11-14T19:28:12.193Z] database_type: FIRESTORE_NATIVE
[debug] [2023-11-14T19:28:12.194Z] > command requires scopes: ["email","openid","https://www.googleapis.com/auth/cloudplatformprojects.readonly","https://www.googleapis.com/auth/firebase","https://www.googleapis.com/auth/cloud-platform"]
[debug] [2023-11-14T19:28:12.194Z] > authorizing via signed-in user (bastienveltson17@gmail.com)
[debug] [2023-11-14T19:28:12.195Z] [iam] checking project newsapp-ed3c9 for permissions ["firebase.projects.get"]
[debug] [2023-11-14T19:28:12.195Z] >>> [apiv2][query] POST https://cloudresourcemanager.googleapis.com/v1/projects/newsapp-ed3c9:testIamPermissions [none]
[debug] [2023-11-14T19:28:12.196Z] >>> [apiv2][(partial)header] POST https://cloudresourcemanager.googleapis.com/v1/projects/newsapp-ed3c9:testIamPermissions x-goog-quota-user=projects/newsapp-ed3c9
[debug] [2023-11-14T19:28:12.196Z] >>> [apiv2][body] POST https://cloudresourcemanager.googleapis.com/v1/projects/newsapp-ed3c9:testIamPermissions {"permissions":["firebase.projects.get"]}
[debug] [2023-11-14T19:28:12.428Z] <<< [apiv2][status] POST https://cloudresourcemanager.googleapis.com/v1/projects/newsapp-ed3c9:testIamPermissions 200
[debug] [2023-11-14T19:28:12.428Z] <<< [apiv2][body] POST https://cloudresourcemanager.googleapis.com/v1/projects/newsapp-ed3c9:testIamPermissions {"permissions":["firebase.projects.get"]}
[info] 
[info] Firestore Security Rules allow you to define how and when to allow
[info] requests. You can keep these rules in your project directory
[info] and publish them with firebase deploy.
[info] 
[debug] [2023-11-14T19:28:13.750Z] >>> [apiv2][query] GET https://firebaserules.googleapis.com/v1/projects/newsapp-ed3c9/releases pageSize=10&pageToken=
[debug] [2023-11-14T19:28:14.281Z] <<< [apiv2][status] GET https://firebaserules.googleapis.com/v1/projects/newsapp-ed3c9/releases 200
[debug] [2023-11-14T19:28:14.281Z] <<< [apiv2][body] GET https://firebaserules.googleapis.com/v1/projects/newsapp-ed3c9/releases {"releases":[{"name":"projects/newsapp-ed3c9/releases/cloud.firestore","rulesetName":"projects/newsapp-ed3c9/rulesets/62512530-ac51-488a-ae99-2b7cb6d7013c","createTime":"2023-11-14T19:24:00.374528Z","updateTime":"2023-11-14T19:24:00.374528Z"}]}
[debug] [2023-11-14T19:28:14.281Z] Found ruleset: projects/newsapp-ed3c9/rulesets/62512530-ac51-488a-ae99-2b7cb6d7013c
[debug] [2023-11-14T19:28:14.282Z] >>> [apiv2][query] GET https://firebaserules.googleapis.com/v1/projects/newsapp-ed3c9/rulesets/62512530-ac51-488a-ae99-2b7cb6d7013c [none]
[debug] [2023-11-14T19:28:14.535Z] <<< [apiv2][status] GET https://firebaserules.googleapis.com/v1/projects/newsapp-ed3c9/rulesets/62512530-ac51-488a-ae99-2b7cb6d7013c 200
[debug] [2023-11-14T19:28:14.535Z] <<< [apiv2][body] GET https://firebaserules.googleapis.com/v1/projects/newsapp-ed3c9/rulesets/62512530-ac51-488a-ae99-2b7cb6d7013c [omitted]
[info] 
[info] Firestore indexes allow you to perform complex queries while
[info] maintaining performance that scales with the size of the result
[info] set. You can keep index definitions in your project directory
[info] and publish them with firebase deploy.
[info] 
[debug] [2023-11-14T19:28:15.809Z] >>> [apiv2][query] GET https://firestore.googleapis.com/v1/projects/newsapp-ed3c9/databases/(default)/collectionGroups/-/indexes [none]
[debug] [2023-11-14T19:28:15.812Z] >>> [apiv2][query] GET https://firestore.googleapis.com/v1/projects/newsapp-ed3c9/databases/(default)/collectionGroups/-/fields?filter=indexConfig.usesAncestorConfig=false OR ttlConfig:* [none]
[debug] [2023-11-14T19:28:16.391Z] <<< [apiv2][status] GET https://firestore.googleapis.com/v1/projects/newsapp-ed3c9/databases/(default)/collectionGroups/-/fields?filter=indexConfig.usesAncestorConfig=false OR ttlConfig:* 200
[debug] [2023-11-14T19:28:16.391Z] <<< [apiv2][body] GET https://firestore.googleapis.com/v1/projects/newsapp-ed3c9/databases/(default)/collectionGroups/-/fields?filter=indexConfig.usesAncestorConfig=false OR ttlConfig:* {"fields":[{"name":"projects/newsapp-ed3c9/databases/(default)/collectionGroups/__default__/fields/*","indexConfig":{"indexes":[{"queryScope":"COLLECTION","fields":[{"fieldPath":"*","order":"ASCENDING"}],"state":"READY"},{"queryScope":"COLLECTION","fields":[{"fieldPath":"*","order":"DESCENDING"}],"state":"READY"},{"queryScope":"COLLECTION","fields":[{"fieldPath":"*","arrayConfig":"CONTAINS"}],"state":"READY"}]}}]}
[debug] [2023-11-14T19:28:16.393Z] <<< [apiv2][status] GET https://firestore.googleapis.com/v1/projects/newsapp-ed3c9/databases/(default)/collectionGroups/-/indexes 200
[debug] [2023-11-14T19:28:16.393Z] <<< [apiv2][body] GET https://firestore.googleapis.com/v1/projects/newsapp-ed3c9/databases/(default)/collectionGroups/-/indexes {}
[info] 
=== Functions Setup
[debug] [2023-11-14T19:28:16.395Z] > command requires scopes: ["email","openid","https://www.googleapis.com/auth/cloudplatformprojects.readonly","https://www.googleapis.com/auth/firebase","https://www.googleapis.com/auth/cloud-platform"]
[debug] [2023-11-14T19:28:16.395Z] > authorizing via signed-in user (bastienveltson17@gmail.com)
[debug] [2023-11-14T19:28:16.395Z] [iam] checking project newsapp-ed3c9 for permissions ["firebase.projects.get"]
[debug] [2023-11-14T19:28:16.395Z] >>> [apiv2][query] POST https://cloudresourcemanager.googleapis.com/v1/projects/newsapp-ed3c9:testIamPermissions [none]
[debug] [2023-11-14T19:28:16.396Z] >>> [apiv2][(partial)header] POST https://cloudresourcemanager.googleapis.com/v1/projects/newsapp-ed3c9:testIamPermissions x-goog-quota-user=projects/newsapp-ed3c9
[debug] [2023-11-14T19:28:16.396Z] >>> [apiv2][body] POST https://cloudresourcemanager.googleapis.com/v1/projects/newsapp-ed3c9:testIamPermissions {"permissions":["firebase.projects.get"]}
[debug] [2023-11-14T19:28:16.563Z] <<< [apiv2][status] POST https://cloudresourcemanager.googleapis.com/v1/projects/newsapp-ed3c9:testIamPermissions 200
[debug] [2023-11-14T19:28:16.564Z] <<< [apiv2][body] POST https://cloudresourcemanager.googleapis.com/v1/projects/newsapp-ed3c9:testIamPermissions {"permissions":["firebase.projects.get"]}
[debug] [2023-11-14T19:28:16.565Z] >>> [apiv2][query] GET https://serviceusage.googleapis.com/v1/projects/newsapp-ed3c9/services/cloudfunctions.googleapis.com [none]
[debug] [2023-11-14T19:28:16.565Z] >>> [apiv2][(partial)header] GET https://serviceusage.googleapis.com/v1/projects/newsapp-ed3c9/services/cloudfunctions.googleapis.com x-goog-quota-user=projects/newsapp-ed3c9
[debug] [2023-11-14T19:28:16.569Z] >>> [apiv2][query] GET https://serviceusage.googleapis.com/v1/projects/newsapp-ed3c9/services/runtimeconfig.googleapis.com [none]
[debug] [2023-11-14T19:28:16.569Z] >>> [apiv2][(partial)header] GET https://serviceusage.googleapis.com/v1/projects/newsapp-ed3c9/services/runtimeconfig.googleapis.com x-goog-quota-user=projects/newsapp-ed3c9
[debug] [2023-11-14T19:28:17.072Z] <<< [apiv2][status] GET https://serviceusage.googleapis.com/v1/projects/newsapp-ed3c9/services/cloudfunctions.googleapis.com 200
[debug] [2023-11-14T19:28:17.072Z] <<< [apiv2][body] GET https://serviceusage.googleapis.com/v1/projects/newsapp-ed3c9/services/cloudfunctions.googleapis.com [omitted]
[debug] [2023-11-14T19:28:17.075Z] >>> [apiv2][query] POST https://serviceusage.googleapis.com/v1/projects/newsapp-ed3c9/services/cloudfunctions.googleapis.com:enable [none]
[debug] [2023-11-14T19:28:17.076Z] >>> [apiv2][(partial)header] POST https://serviceusage.googleapis.com/v1/projects/newsapp-ed3c9/services/cloudfunctions.googleapis.com:enable x-goog-quota-user=projects/newsapp-ed3c9
[debug] [2023-11-14T19:28:17.080Z] <<< [apiv2][status] GET https://serviceusage.googleapis.com/v1/projects/newsapp-ed3c9/services/runtimeconfig.googleapis.com 200
[debug] [2023-11-14T19:28:17.080Z] <<< [apiv2][body] GET https://serviceusage.googleapis.com/v1/projects/newsapp-ed3c9/services/runtimeconfig.googleapis.com [omitted]
[debug] [2023-11-14T19:28:17.878Z] <<< [apiv2][status] POST https://serviceusage.googleapis.com/v1/projects/newsapp-ed3c9/services/cloudfunctions.googleapis.com:enable 200
[debug] [2023-11-14T19:28:17.878Z] <<< [apiv2][body] POST https://serviceusage.googleapis.com/v1/projects/newsapp-ed3c9/services/cloudfunctions.googleapis.com:enable [omitted]
[debug] [2023-11-14T19:28:27.880Z] >>> [apiv2][query] GET https://serviceusage.googleapis.com/v1/projects/newsapp-ed3c9/services/cloudfunctions.googleapis.com [none]
[debug] [2023-11-14T19:28:27.881Z] >>> [apiv2][(partial)header] GET https://serviceusage.googleapis.com/v1/projects/newsapp-ed3c9/services/cloudfunctions.googleapis.com x-goog-quota-user=projects/newsapp-ed3c9
[debug] [2023-11-14T19:28:28.374Z] <<< [apiv2][status] GET https://serviceusage.googleapis.com/v1/projects/newsapp-ed3c9/services/cloudfunctions.googleapis.com 200
[debug] [2023-11-14T19:28:28.374Z] <<< [apiv2][body] GET https://serviceusage.googleapis.com/v1/projects/newsapp-ed3c9/services/cloudfunctions.googleapis.com [omitted]
[info] Let's create a new codebase for your functions.
[info] A directory corresponding to the codebase will be created in your project
[info] with sample code pre-configured.

[info] See https://firebase.google.com/docs/functions/organize-functions for
[info] more information on organizing your functions using codebases.

[info] Functions can be deployed with firebase deploy.

[info] ✔  Wrote functions/package.json 
[info] ✔  Wrote functions/.eslintrc.js 
[info] ✔  Wrote functions/tsconfig.json 
[info] ✔  Wrote functions/tsconfig.dev.json 
[info] ✔  Wrote functions/src/index.ts 
[info] ✔  Wrote functions/.gitignore 
